<?xml version="1.0" encoding="UTF-8"?>
<!-- Generated by org.testng.reporters.JUnitReportReporter -->
<testsuite hostname="DESKTOP-JDQLD7V" failures="0" tests="1" name="Patrol.Test.PeopleSearchTest" time="152.049" errors="0" timestamp="2025-03-10T15:33:44 IST" skipped="0">
  <testcase classname="Patrol.Test.PeopleSearchTest" name="ContactSearchAndPaginations" time="152.049"/>
</testsuite> <!-- Patrol.Test.PeopleSearchTest -->
