<?xml version="1.0" encoding="UTF-8"?>
<!-- Generated by org.testng.reporters.JUnitReportReporter -->
<testsuite hostname="DESKTOP-JDQLD7V" failures="0" tests="1" name="Patrol.Test.Patrol_OrderTrack" time="69.774" errors="0" timestamp="2025-03-08T15:01:18 IST" skipped="0">
  <testcase classname="Patrol.Test.Patrol_OrderTrack" name="verifyNotification" time="69.774"/>
</testsuite> <!-- Patrol.Test.Patrol_OrderTrack -->
