<?xml version="1.0" encoding="UTF-8"?>
<!-- Generated by org.testng.reporters.JUnitReportReporter -->
<testsuite hostname="DESKTOP-JDQLD7V" failures="0" tests="1" name="Patrol.Test.CreateNote_CasedetailsForTC" time="55.501" errors="0" timestamp="2025-03-18T17:05:31 IST" skipped="0">
  <testcase classname="Patrol.Test.CreateNote_CasedetailsForTC" name="VerifyaddNote_oncasedetailpage" time="55.501"/>
</testsuite> <!-- Patrol.Test.CreateNote_CasedetailsForTC -->
