<?xml version="1.0" encoding="UTF-8"?>
<!-- Generated by org.testng.reporters.JUnitReportReporter -->
<testsuite hostname="DESKTOP-JDQLD7V" failures="0" tests="1" name="Patrol.Test.Task" time="69.935" errors="0" timestamp="2025-03-10T15:12:44 IST" skipped="0">
  <testcase classname="Patrol.Test.Task" name="verifyaddnewtask" time="69.935"/>
</testsuite> <!-- Patrol.Test.Task -->
