<?xml version="1.0" encoding="UTF-8"?>
<!-- Generated by org.testng.reporters.JUnitReportReporter -->
<testsuite hostname="DESKTOP-JDQLD7V" failures="0" tests="1" name="Patrol.Test.CaseDetails_CreateNote" time="43.671" errors="0" timestamp="2025-03-12T14:48:02 IST" skipped="0">
  <testcase classname="Patrol.Test.CaseDetails_CreateNote" name="VerifyaddNote_oncasedetailpage" time="43.671"/>
</testsuite> <!-- Patrol.Test.CaseDetails_CreateNote -->
