<?xml version="1.0" encoding="UTF-8"?>
<!-- Generated by org.testng.reporters.JUnitReportReporter -->
<testsuite hostname="DESKTOP-JDQLD7V" failures="0" tests="1" name="Patrol.Test.exstingcontact_forsc" time="59.239" errors="0" timestamp="2025-03-19T18:19:07 IST" skipped="0">
  <testcase classname="Patrol.Test.exstingcontact_forsc" name="verifyexistingcontact" time="59.239"/>
</testsuite> <!-- Patrol.Test.exstingcontact_forsc -->
