<?xml version="1.0" encoding="UTF-8"?>
<!-- Generated by org.testng.reporters.JUnitReportReporter -->
<testsuite hostname="DESKTOP-JDQLD7V" failures="0" tests="1" name="Patrol.Test.CreateMatter_casedetailspageforDC" time="96.248" errors="0" timestamp="2025-03-13T15:02:56 IST" skipped="0">
  <testcase classname="Patrol.Test.CreateMatter_casedetailspageforDC" name="verifyaddmatterforDC" time="96.248"/>
</testsuite> <!-- Patrol.Test.CreateMatter_casedetailspageforDC -->
