<?xml version="1.0" encoding="UTF-8"?>
<!-- Generated by org.testng.reporters.JUnitReportReporter -->
<testsuite hostname="DESKTOP-JDQLD7V" failures="0" tests="1" name="Patrol.Test.existingcontact_forDC" time="61.093" errors="0" timestamp="2025-03-19T18:29:32 IST" skipped="0">
  <testcase classname="Patrol.Test.existingcontact_forDC" name="verifyexistingcontact" time="61.093"/>
</testsuite> <!-- Patrol.Test.existingcontact_forDC -->
