<?xml version="1.0" encoding="UTF-8"?>
<!-- Generated by org.testng.reporters.JUnitReportReporter -->
<testsuite hostname="DESKTOP-JDQLD7V" failures="0" tests="1" name="Patrol.Test.CaseDetails_CreateDoc" time="81.832" errors="0" timestamp="2025-03-13T16:00:14 IST" skipped="0">
  <testcase classname="Patrol.Test.CaseDetails_CreateDoc" name="VerifyCreateDoc_oncasedetailpage" time="81.832"/>
</testsuite> <!-- Patrol.Test.CaseDetails_CreateDoc -->
