<?xml version="1.0" encoding="UTF-8"?>
<!-- Generated by org.testng.reporters.JUnitReportReporter -->
<testsuite hostname="DESKTOP-JDQLD7V" failures="0" tests="1" name="Patrol.Test.checkpagesinvoice" time="193.660" errors="0" timestamp="2025-02-27T15:58:02 IST" skipped="0">
  <testcase classname="Patrol.Test.checkpagesinvoice" name="verifyInvoice" time="193.660"/>
</testsuite> <!-- Patrol.Test.checkpagesinvoice -->
