<?xml version="1.0" encoding="UTF-8"?>
<!-- Generated by org.testng.reporters.JUnitReportReporter -->
<testsuite hostname="DESKTOP-JDQLD7V" failures="0" tests="1" name="Patrol.Test.existingcontact_ForTC" time="61.276" errors="0" timestamp="2025-03-19T18:24:37 IST" skipped="0">
  <testcase classname="Patrol.Test.existingcontact_ForTC" name="verifyexistingcontact" time="61.276"/>
</testsuite> <!-- Patrol.Test.existingcontact_ForTC -->
