<?xml version="1.0" encoding="UTF-8"?>
<!-- Generated by org.testng.reporters.JUnitReportReporter -->
<testsuite hostname="DESKTOP-JDQLD7V" failures="0" tests="1" name="Patrol.Test.Patrol_CalendarTest" time="121.655" errors="0" timestamp="2025-03-08T14:44:20 IST" skipped="0">
  <testcase classname="Patrol.Test.Patrol_CalendarTest" name="verifyCalendarPage" time="121.655"/>
</testsuite> <!-- Patrol.Test.Patrol_CalendarTest -->
