<?xml version="1.0" encoding="UTF-8"?>
<!-- Generated by org.testng.reporters.JUnitReportReporter -->
<testsuite hostname="DESKTOP-JDQLD7V" failures="0" tests="1" name="Patrol.Test.postInvoice_casedetailsforDC" time="50.610" errors="0" timestamp="2025-03-24T12:52:15 IST" skipped="0">
  <testcase classname="Patrol.Test.postInvoice_casedetailsforDC" name="verifyInvoice" time="50.610"/>
</testsuite> <!-- Patrol.Test.postInvoice_casedetailsforDC -->
