<?xml version="1.0" encoding="UTF-8"?>
<!-- Generated by org.testng.reporters.JUnitReportReporter -->
<testsuite hostname="DESKTOP-JDQLD7V" failures="0" tests="1" name="Patrol.Test.smokesuiteofmanagecase" time="307.562" errors="0" timestamp="2025-03-10T14:28:09 IST" skipped="0">
  <testcase classname="Patrol.Test.smokesuiteofmanagecase" name="verifyordertracker" time="307.562"/>
</testsuite> <!-- Patrol.Test.smokesuiteofmanagecase -->
