<?xml version="1.0" encoding="UTF-8"?>
<!-- Generated by org.testng.reporters.JUnitReportReporter -->
<testsuite hostname="DESKTOP-JDQLD7V" failures="0" tests="1" name="Patrol.Test.InvoicePaginationTest" time="39.716" errors="0" timestamp="2025-03-08T13:36:11 IST" skipped="0">
  <testcase classname="Patrol.Test.InvoicePaginationTest" name="verifyInvoice" time="39.716"/>
</testsuite> <!-- Patrol.Test.InvoicePaginationTest -->
