<?xml version="1.0" encoding="UTF-8"?>
<!-- Generated by org.testng.reporters.JUnitReportReporter -->
<testsuite hostname="DESKTOP-JDQLD7V" failures="0" tests="1" name="Patrol.Test.CaseDetails_CreateNoteForHC" time="97.288" errors="0" timestamp="2025-03-19T16:42:14 IST" skipped="0">
  <testcase classname="Patrol.Test.CaseDetails_CreateNoteForHC" name="VerifyaddNote_oncasedetailpage" time="97.288"/>
</testsuite> <!-- Patrol.Test.CaseDetails_CreateNoteForHC -->
