<?xml version="1.0" encoding="UTF-8"?>
<!-- Generated by org.testng.reporters.JUnitReportReporter -->
<testsuite hostname="DESKTOP-JDQLD7V" failures="0" tests="1" name="Patrol.Test.createdoc_casedetailsforDC" time="114.595" errors="0" timestamp="2025-03-19T16:10:47 IST" skipped="0">
  <testcase classname="Patrol.Test.createdoc_casedetailsforDC" name="VerifyCreateDoc_oncasedetailpage" time="114.595"/>
</testsuite> <!-- Patrol.Test.createdoc_casedetailsforDC -->
