<?xml version="1.0" encoding="UTF-8"?>
<!-- Generated by org.testng.reporters.JUnitReportReporter -->
<testsuite hostname="DESKTOP-JDQLD7V" failures="0" tests="1" name="Patrol.Test.CreateNote_casedetailsForSC" time="54.200" errors="0" timestamp="2025-03-18T16:48:04 IST" skipped="0">
  <testcase classname="Patrol.Test.CreateNote_casedetailsForSC" name="VerifyaddNote_oncasedetailpage" time="54.200"/>
</testsuite> <!-- Patrol.Test.CreateNote_casedetailsForSC -->
