<?xml version="1.0" encoding="UTF-8"?>
<!-- Generated by org.testng.reporters.JUnitReportReporter -->
<testsuite hostname="DESKTOP-JDQLD7V" failures="0" tests="1" name="Patrol.Test.CaseDetails_CreateDocforHC" time="36.818" errors="0" timestamp="2025-03-24T12:57:00 IST" skipped="0">
  <testcase classname="Patrol.Test.CaseDetails_CreateDocforHC" name="VerifyCreateDoc_oncasedetailpage" time="36.818"/>
</testsuite> <!-- Patrol.Test.CaseDetails_CreateDocforHC -->
