<?xml version="1.0" encoding="UTF-8"?>
<!-- Generated by org.testng.reporters.JUnitReportReporter -->
<testsuite hostname="DESKTOP-JDQLD7V" failures="0" tests="1" name="Patrol.Test.Notes_MatterDetails" time="38.846" errors="0" timestamp="2025-03-08T14:20:17 IST" skipped="0">
  <testcase classname="Patrol.Test.Notes_MatterDetails" name="makeNewMatterforHC" time="38.846"/>
</testsuite> <!-- Patrol.Test.Notes_MatterDetails -->
