<?xml version="1.0" encoding="UTF-8"?>
<!-- Generated by org.testng.reporters.JUnitReportReporter -->
<testsuite hostname="DESKTOP-JDQLD7V" failures="0" tests="1" name="Patrol.Test.postInvoice_forSC" time="67.888" errors="0" timestamp="2025-03-22T11:06:17 IST" skipped="0">
  <testcase classname="Patrol.Test.postInvoice_forSC" name="verifyInvoice" time="67.888"/>
</testsuite> <!-- Patrol.Test.postInvoice_forSC -->
