<?xml version="1.0" encoding="UTF-8"?>
<!-- Generated by org.testng.reporters.JUnitReportReporter -->
<testsuite hostname="DESKTOP-JDQLD7V" failures="0" tests="1" name="Patrol.Test.exstingContact_casedetailspage" time="40.331" errors="0" timestamp="2025-03-12T18:03:33 IST" skipped="0">
  <testcase classname="Patrol.Test.exstingContact_casedetailspage" name="allcasedetails" time="40.331"/>
</testsuite> <!-- Patrol.Test.exstingContact_casedetailspage -->
