<?xml version="1.0" encoding="UTF-8"?>
<!-- Generated by org.testng.reporters.JUnitReportReporter -->
<testsuite hostname="DESKTOP-JDQLD7V" failures="0" tests="1" name="Patrol.Test.CreateMatter_casedetailsforHC" time="104.407" errors="0" timestamp="2025-03-18T13:52:12 IST" skipped="0">
  <testcase classname="Patrol.Test.CreateMatter_casedetailsforHC" name="verifycreatematterforsc" time="104.407"/>
</testsuite> <!-- Patrol.Test.CreateMatter_casedetailsforHC -->
