<?xml version="1.0" encoding="UTF-8"?>
<!-- Generated by org.testng.reporters.JUnitReportReporter -->
<testsuite hostname="DESKTOP-JDQLD7V" failures="0" tests="1" name="Patrol.Test.AllDocumentTest" time="535.057" errors="0" timestamp="2025-03-07T12:23:00 IST" skipped="0">
  <testcase classname="Patrol.Test.AllDocumentTest" name="VerifyaddTaskonMatterPage" time="535.057"/>
</testsuite> <!-- Patrol.Test.AllDocumentTest -->
