<?xml version="1.0" encoding="UTF-8"?>
<!-- Generated by org.testng.reporters.JUnitReportReporter -->
<testsuite hostname="DESKTOP-JDQLD7V" failures="0" tests="1" name="Patrol.Test.CauseList2" time="769.025" errors="0" timestamp="2025-03-08T12:13:16 IST" skipped="0">
  <testcase classname="Patrol.Test.CauseList2" name="verifyCauseList" time="769.025"/>
</testsuite> <!-- Patrol.Test.CauseList2 -->
