<?xml version="1.0" encoding="UTF-8"?>
<!-- Generated by org.testng.reporters.JUnitReportReporter -->
<testsuite hostname="DESKTOP-JDQLD7V" failures="0" tests="1" name="Patrol.Test.MatterForHC" time="87.564" errors="0" timestamp="2025-03-08T14:12:04 IST" skipped="0">
  <testcase classname="Patrol.Test.MatterForHC" name="verifycreatematterfor_HC" time="87.564"/>
</testsuite> <!-- Patrol.Test.MatterForHC -->
