<?xml version="1.0" encoding="UTF-8"?>
<!-- Generated by org.testng.reporters.JUnitReportReporter -->
<testsuite hostname="DESKTOP-JDQLD7V" failures="0" tests="1" name="Patrol.Test.InvoiceMatterTest" time="138.216" errors="0" timestamp="2025-03-03T18:02:27 IST" skipped="0">
  <testcase classname="Patrol.Test.InvoiceMatterTest" name="verifyInvoice" time="138.216"/>
</testsuite> <!-- Patrol.Test.InvoiceMatterTest -->
