<?xml version="1.0" encoding="UTF-8"?>
<!-- Generated by org.testng.reporters.JUnitReportReporter -->
<testsuite hostname="DESKTOP-JDQLD7V" failures="0" tests="1" name="Patrol.Test.MatterForTribunals" time="82.057" errors="0" timestamp="2025-03-03T15:01:20 IST" skipped="0">
  <testcase classname="Patrol.Test.MatterForTribunals" name="verifycreatematterfor_HC" time="82.057"/>
</testsuite> <!-- Patrol.Test.MatterForTribunals -->
