<?xml version="1.0" encoding="UTF-8"?>
<!-- Generated by org.testng.reporters.JUnitReportReporter -->
<testsuite hostname="DESKTOP-JDQLD7V" failures="0" tests="1" name="Patrol.Test.AddInvoice_CaseDetailspage" time="74.290" errors="0" timestamp="2025-03-20T17:02:15 IST" skipped="0">
  <testcase classname="Patrol.Test.AddInvoice_CaseDetailspage" name="VerifyCreateDoc_oncasedetailpage" time="74.290"/>
</testsuite> <!-- Patrol.Test.AddInvoice_CaseDetailspage -->
