<?xml version="1.0" encoding="UTF-8"?>
<!-- Generated by org.testng.reporters.JUnitReportReporter -->
<testsuite hostname="DESKTOP-JDQLD7V" failures="0" tests="1" name="Patrol.Test.PeopleTest" time="59.515" errors="0" timestamp="2025-03-08T15:54:39 IST" skipped="0">
  <testcase classname="Patrol.Test.PeopleTest" name="makeNewMatter" time="59.515"/>
</testsuite> <!-- Patrol.Test.PeopleTest -->
