<?xml version="1.0" encoding="UTF-8"?>
<!-- Generated by org.testng.reporters.JUnitReportReporter -->
<testsuite hostname="DESKTOP-JDQLD7V" failures="0" tests="1" name="Patrol.Test.LoginPageTest" time="15.400" errors="0" timestamp="2025-03-08T18:17:37 IST" skipped="0">
  <testcase classname="Patrol.Test.LoginPageTest" name="Verifyloginpage" time="15.400"/>
</testsuite> <!-- Patrol.Test.LoginPageTest -->
