<?xml version="1.0" encoding="UTF-8"?>
<!-- Generated by org.testng.reporters.JUnitReportReporter -->
<testsuite hostname="DESKTOP-JDQLD7V" failures="0" tests="1" name="Patrol.Test.CheckAllMatters" time="3103.112" errors="0" timestamp="2025-03-07T20:17:30 IST" skipped="0">
  <testcase classname="Patrol.Test.CheckAllMatters" name="verifyMattersOnInvoicePage" time="3103.112"/>
</testsuite> <!-- Patrol.Test.CheckAllMatters -->
