<?xml version="1.0" encoding="UTF-8"?>
<!-- Generated by org.testng.reporters.JUnitReportReporter -->
<testsuite hostname="DESKTOP-JDQLD7V" failures="0" tests="1" name="Patrol.Test.CreateContact_Casedetials" time="55.642" errors="0" timestamp="2025-03-12T17:36:57 IST" skipped="0">
  <testcase classname="Patrol.Test.CreateContact_Casedetials" name="allcasedetails" time="55.642"/>
</testsuite> <!-- Patrol.Test.CreateContact_Casedetials -->
