<?xml version="1.0" encoding="UTF-8"?>
<!-- Generated by org.testng.reporters.JUnitReportReporter -->
<testsuite hostname="DESKTOP-JDQLD7V" failures="0" tests="1" name="Patrol.Test.CreateNotes_casedetailsforDC" time="61.195" errors="0" timestamp="2025-03-18T16:56:05 IST" skipped="0">
  <testcase classname="Patrol.Test.CreateNotes_casedetailsforDC" name="VerifyaddNote_oncasedetailpage" time="61.195"/>
</testsuite> <!-- Patrol.Test.CreateNotes_casedetailsforDC -->
