<?xml version="1.0" encoding="UTF-8"?>
<!-- Generated by org.testng.reporters.JUnitReportReporter -->
<testsuite hostname="DESKTOP-JDQLD7V" failures="0" tests="1" name="Patrol.Test.ReportCheck" time="190.183" errors="0" timestamp="2025-03-06T18:36:41 IST" skipped="0">
  <testcase classname="Patrol.Test.ReportCheck" name="verifyNotificationtabs" time="190.183"/>
</testsuite> <!-- Patrol.Test.ReportCheck -->
