<?xml version="1.0" encoding="UTF-8"?>
<!-- Generated by org.testng.reporters.JUnitReportReporter -->
<testsuite hostname="DESKTOP-JDQLD7V" failures="0" tests="1" name="Patrol.Test.Documents_OnMattersDetailsPage" time="56.616" errors="0" timestamp="2025-03-08T13:54:18 IST" skipped="0">
  <testcase classname="Patrol.Test.Documents_OnMattersDetailsPage" name="verifydocumentonmatterpage" time="56.616"/>
</testsuite> <!-- Patrol.Test.Documents_OnMattersDetailsPage -->
