<?xml version="1.0" encoding="UTF-8"?>
<!-- Generated by org.testng.reporters.JUnitReportReporter -->
<testsuite hostname="DESKTOP-JDQLD7V" failures="0" tests="1" name="Patrol.Test.PostInvoice_CasedetailsforHC" time="69.357" errors="0" timestamp="2025-03-20T18:25:41 IST" skipped="0">
  <testcase classname="Patrol.Test.PostInvoice_CasedetailsforHC" name="verifyInvoice" time="69.357"/>
</testsuite> <!-- Patrol.Test.PostInvoice_CasedetailsforHC -->
