<?xml version="1.0" encoding="UTF-8"?>
<!-- Generated by org.testng.reporters.JUnitReportReporter -->
<testsuite hostname="DESKTOP-JDQLD7V" failures="0" tests="1" name="Patrol.Test.Task_MatterDetailsPage" time="46.999" errors="0" timestamp="2025-03-08T13:47:20 IST" skipped="0">
  <testcase classname="Patrol.Test.Task_MatterDetailsPage" name="VerifyaddTaskonMatterPage" time="46.999"/>
</testsuite> <!-- Patrol.Test.Task_MatterDetailsPage -->
