<?xml version="1.0" encoding="UTF-8"?>
<!-- Generated by org.testng.reporters.JUnitReportReporter -->
<testsuite hostname="DESKTOP-JDQLD7V" failures="0" tests="1" name="Patrol.Test.creatematter_casedetailsforTC" time="85.506" errors="0" timestamp="2025-03-18T16:28:29 IST" skipped="0">
  <testcase classname="Patrol.Test.creatematter_casedetailsforTC" name="verifycreatematterforsc" time="85.506"/>
</testsuite> <!-- Patrol.Test.creatematter_casedetailsforTC -->
