<?xml version="1.0" encoding="UTF-8"?>
<!-- Generated by org.testng.reporters.JUnitReportReporter -->
<testsuite hostname="DESKTOP-JDQLD7V" failures="0" tests="1" name="Patrol.Test.PostInvoice_CasedetailsforTC" time="45.870" errors="0" timestamp="2025-03-20T18:22:04 IST" skipped="0">
  <testcase classname="Patrol.Test.PostInvoice_CasedetailsforTC" name="verifyInvoice" time="45.870"/>
</testsuite> <!-- Patrol.Test.PostInvoice_CasedetailsforTC -->
