<?xml version="1.0" encoding="UTF-8"?>
<!-- Generated by org.testng.reporters.JUnitReportReporter -->
<testsuite hostname="DESKTOP-JDQLD7V" failures="0" tests="1" name="Patrol.Test.InvoiceTest" time="73.690" errors="0" timestamp="2025-03-05T13:26:16 IST" skipped="0">
  <testcase classname="Patrol.Test.InvoiceTest" name="verifyInvoice" time="73.690"/>
</testsuite> <!-- Patrol.Test.InvoiceTest -->
