<?xml version="1.0" encoding="UTF-8"?>
<!-- Generated by org.testng.reporters.JUnitReportReporter -->
<testsuite hostname="DESKTOP-JDQLD7V" failures="0" tests="1" name="Patrol.Test.createdoc_casedetailsforTC" time="157.097" errors="0" timestamp="2025-03-19T16:40:03 IST" skipped="0">
  <testcase classname="Patrol.Test.createdoc_casedetailsforTC" name="VerifyCreateDoc_oncasedetailpage" time="157.097"/>
</testsuite> <!-- Patrol.Test.createdoc_casedetailsforTC -->
