<?xml version="1.0" encoding="UTF-8"?>
<!-- Generated by org.testng.reporters.JUnitReportReporter -->
<testsuite hostname="DESKTOP-JDQLD7V" failures="0" tests="1" name="Patrol.Test.CaseDetail_tasktest" time="55.185" errors="0" timestamp="2025-03-12T14:08:25 IST" skipped="0">
  <testcase classname="Patrol.Test.CaseDetail_tasktest" name="VerifyaddTaskonMatterPage" time="55.185"/>
</testsuite> <!-- Patrol.Test.CaseDetail_tasktest -->
