<?xml version="1.0" encoding="UTF-8"?>
<!-- Generated by org.testng.reporters.JUnitReportReporter -->
<testsuite hostname="DESKTOP-JDQLD7V" failures="0" tests="1" name="Patrol.Test.Smokesuitetest" time="1279.777" errors="0" timestamp="2025-03-10T13:37:20 IST" skipped="0">
  <testcase classname="Patrol.Test.Smokesuitetest" name="verifyordertracker" time="1279.777"/>
</testsuite> <!-- Patrol.Test.Smokesuitetest -->
