<?xml version="1.0" encoding="UTF-8"?>
<!-- Generated by org.testng.reporters.JUnitReportReporter -->
<testsuite hostname="DESKTOP-JDQLD7V" failures="0" tests="1" name="Patrol.Test.createcontact_casedetailsforDC" time="87.159" errors="0" timestamp="2025-03-19T17:20:29 IST" skipped="0">
  <testcase classname="Patrol.Test.createcontact_casedetailsforDC" name="allcasedetails" time="87.159"/>
</testsuite> <!-- Patrol.Test.createcontact_casedetailsforDC -->
