<?xml version="1.0" encoding="UTF-8"?>
<!-- Generated by org.testng.reporters.JUnitReportReporter -->
<testsuite hostname="DESKTOP-JDQLD7V" failures="0" tests="1" name="Patrol.Test.OrderTrackerPaginationsTest" time="30.790" errors="0" timestamp="2025-03-03T18:20:52 IST" skipped="0">
  <testcase classname="Patrol.Test.OrderTrackerPaginationsTest" name="verifyInvoice" time="30.790"/>
</testsuite> <!-- Patrol.Test.OrderTrackerPaginationsTest -->
