<?xml version="1.0" encoding="UTF-8"?>
<!-- Generated by org.testng.reporters.JUnitReportReporter -->
<testsuite hostname="DESKTOP-JDQLD7V" failures="0" tests="1" name="Patrol.Test.DashBoardTest" time="23.694" errors="0" timestamp="2025-03-08T11:54:03 IST" skipped="0">
  <testcase classname="Patrol.Test.DashBoardTest" name="verifyDashBoard" time="23.694"/>
</testsuite> <!-- Patrol.Test.DashBoardTest -->
