<?xml version="1.0" encoding="UTF-8"?>
<!-- Generated by org.testng.reporters.JUnitReportReporter -->
<testsuite hostname="DESKTOP-JDQLD7V" failures="0" tests="1" name="Patrol.Test.MatterforDrat" time="134.121" errors="0" timestamp="2025-03-08T14:07:32 IST" skipped="0">
  <testcase classname="Patrol.Test.MatterforDrat" name="CreateMattersforDratCourts" time="134.121"/>
</testsuite> <!-- Patrol.Test.MatterforDrat -->
