<?xml version="1.0" encoding="UTF-8"?>
<!-- Generated by org.testng.reporters.JUnitReportReporter -->
<testsuite hostname="DESKTOP-JDQLD7V" failures="0" tests="1" name="Patrol.Test.casedetaisltabstest" time="69.633" errors="0" timestamp="2025-03-11T17:45:43 IST" skipped="0">
  <testcase classname="Patrol.Test.casedetaisltabstest" name="VerifyaddTaskonMatterPage" time="69.633"/>
</testsuite> <!-- Patrol.Test.casedetaisltabstest -->
