<?xml version="1.0" encoding="UTF-8"?>
<!-- Generated by org.testng.reporters.JUnitReportReporter -->
<testsuite hostname="DESKTOP-JDQLD7V" failures="0" tests="1" name="Patrol.Test.RelatedMattersforHC" time="83.484" errors="0" timestamp="2025-03-24T13:03:41 IST" skipped="0">
  <testcase classname="Patrol.Test.RelatedMattersforHC" name="verifyInvoice" time="83.484"/>
</testsuite> <!-- Patrol.Test.RelatedMattersforHC -->
