<?xml version="1.0" encoding="UTF-8"?>
<!-- Generated by org.testng.reporters.JUnitReportReporter -->
<testsuite hostname="DESKTOP-JDQLD7V" failures="0" tests="1" name="Patrol.Test.CreateMatter_casedetailsforSC" time="76.163" errors="0" timestamp="2025-03-13T14:28:37 IST" skipped="0">
  <testcase classname="Patrol.Test.CreateMatter_casedetailsforSC" name="VerifyaddTaskonMatterPage" time="76.163"/>
</testsuite> <!-- Patrol.Test.CreateMatter_casedetailsforSC -->
