<?xml version="1.0" encoding="UTF-8"?>
<!-- Generated by org.testng.reporters.JUnitReportReporter -->
<testsuite hostname="DESKTOP-JDQLD7V" failures="0" tests="1" name="Patrol.Test.DocumentTest" time="56.497" errors="0" timestamp="2025-03-08T13:09:54 IST" skipped="0">
  <testcase classname="Patrol.Test.DocumentTest" name="VerifyCreateNewDocuments" time="56.497"/>
</testsuite> <!-- Patrol.Test.DocumentTest -->
