<?xml version="1.0" encoding="UTF-8"?>
<!-- Generated by org.testng.reporters.JUnitReportReporter -->
<testsuite hostname="DESKTOP-JDQLD7V" failures="0" tests="1" name="Patrol.Test.MatterForSC" time="82.268" errors="0" timestamp="2025-03-03T14:52:46 IST" skipped="0">
  <testcase classname="Patrol.Test.MatterForSC" name="makeNewMatterforHC" time="82.268"/>
</testsuite> <!-- Patrol.Test.MatterForSC -->
