<?xml version="1.0" encoding="UTF-8"?>
<!-- Generated by org.testng.reporters.JUnitReportReporter -->
<testsuite hostname="DESKTOP-JDQLD7V" failures="0" tests="1" name="Patrol.Test.CheckAll_AddedFirms" time="58.771" errors="0" timestamp="2025-03-08T12:22:52 IST" skipped="0">
  <testcase classname="Patrol.Test.CheckAll_AddedFirms" name="verifyCauseList" time="58.771"/>
</testsuite> <!-- Patrol.Test.CheckAll_AddedFirms -->
