<?xml version="1.0" encoding="UTF-8"?>
<!-- Generated by org.testng.reporters.JUnitReportReporter -->
<testsuite hostname="DESKTOP-JDQLD7V" failures="0" tests="1" name="Patrol.Test.Matterdoctest" time="39.252" errors="0" timestamp="2025-03-03T14:21:00 IST" skipped="0">
  <testcase classname="Patrol.Test.Matterdoctest" name="verifydocumentonmatterpage" time="39.252"/>
</testsuite> <!-- Patrol.Test.Matterdoctest -->
